d:\github\dxball - opengl\debug\vc142.pdb
d:\github\dxball - opengl\debug\vc142.idb
d:\github\dxball - opengl\debug\circle.obj
d:\github\dxball - opengl\debug\bullet.obj
d:\github\dxball - opengl\debug\rectangle.obj
d:\github\dxball - opengl\debug\particlesmanager.obj
d:\github\dxball - opengl\debug\particle.obj
d:\github\dxball - opengl\debug\paddlemanager.obj
d:\github\dxball - opengl\debug\headers.obj
d:\github\dxball - opengl\debug\fieldmanager.obj
d:\github\dxball - opengl\debug\externs.obj
d:\github\dxball - opengl\debug\customgamemanager.obj
d:\github\dxball - opengl\debug\bricksmanager.obj
d:\github\dxball - opengl\debug\collisionmanager.obj
d:\github\dxball - opengl\debug\buttonsmanager.obj
d:\github\dxball - opengl\debug\button.obj
d:\github\dxball - opengl\debug\bulletsmanager.obj
d:\github\dxball - opengl\debug\brick.obj
d:\github\dxball - opengl\debug\boardmanager.obj
d:\github\dxball - opengl\debug\ballsmanager.obj
d:\github\dxball - opengl\debug\ball.obj
d:\github\dxball - opengl\debug\audiomanager.obj
d:\github\dxball - opengl\debug\windowmanager.obj
d:\github\dxball - opengl\debug\wallmanager.obj
d:\github\dxball - opengl\debug\timemanager.obj
d:\github\dxball - opengl\debug\scorefont.obj
d:\github\dxball - opengl\debug\scoremanager.obj
d:\github\dxball - opengl\debug\powerupsmanager.obj
d:\github\dxball - opengl\debug\powerup.obj
d:\github\dxball - opengl\debug\point.obj
d:\github\dxball - opengl\debug\mousemanager.obj
d:\github\dxball - opengl\debug\menumanager.obj
d:\github\dxball - opengl\debug\main.obj
d:\github\dxball - opengl\debug\levelmanager.obj
d:\github\dxball - opengl\debug\keyboardmanager.obj
d:\github\dxball - opengl\debug\texturemanager.obj
d:\github\dxball - opengl\debug\textmanager.obj
d:\github\dxball - opengl\debug\resumemanager.obj
d:\github\dxball - opengl\debug\opengl.obj
d:\github\dxball - opengl\debug\gamemanager.obj
d:\github\dxball - opengl\debug\draw.obj
d:\github\dxball - opengl\debug\colormanager.obj
d:\github\dxball - opengl\debug\dxball-opengl.ilk
d:\github\dxball - opengl\debug\dxball-opengl.exe
d:\github\dxball - opengl\debug\dxball-opengl.pdb
d:\github\dxball - opengl\debug\dxball-opengl.tlog\cl.command.1.tlog
d:\github\dxball - opengl\debug\dxball-opengl.tlog\cl.read.1.tlog
d:\github\dxball - opengl\debug\dxball-opengl.tlog\cl.write.1.tlog
d:\github\dxball - opengl\debug\dxball-opengl.tlog\link.command.1.tlog
d:\github\dxball - opengl\debug\dxball-opengl.tlog\link.read.1.tlog
d:\github\dxball - opengl\debug\dxball-opengl.tlog\link.write.1.tlog
